<?xml version="1.0" encoding="UTF-8"?>
<!-- Generated by org.testng.reporters.JUnitReportReporter -->
<testsuite hostname="akshaya" failures="0" tests="1" name="test.Fblogintest" time="1.880" errors="0" timestamp="2024-03-11T22:03:25 IST" skipped="0">
  <testcase classname="test.Fblogintest" name="testlogin" time="1.880"/>
  <system-out/>
</testsuite> <!-- test.Fblogintest -->
