<?xml version="1.0" encoding="UTF-8"?>
<!-- Generated by org.testng.reporters.JUnitReportReporter -->
<testsuite hostname="akshaya" failures="0" tests="3" name="testng.Crossbrowsertest" time="10.778" errors="0" timestamp="2024-03-05T10:57:29 IST" skipped="0">
  <testcase classname="testng.Crossbrowsertest" name="test" time="1.857"/>
  <system-out/>
  <testcase classname="testng.Crossbrowsertest" name="test" time="2.539"/>
  <system-out/>
  <testcase classname="testng.Crossbrowsertest" name="test" time="6.382"/>
  <system-out/>
</testsuite> <!-- testng.Crossbrowsertest -->
