<?xml version="1.0" encoding="UTF-8"?>
<!-- Generated by org.testng.reporters.JUnitReportReporter -->
<testsuite hostname="akshaya" failures="0" tests="1" name="testng.Datepicker" time="9.007" errors="0" timestamp="2024-03-02T19:54:43 IST" skipped="0">
  <testcase classname="testng.Datepicker" name="test" time="9.007"/>
  <system-out/>
</testsuite> <!-- testng.Datepicker -->
