<?xml version="1.0" encoding="UTF-8"?>
<!-- Generated by org.testng.reporters.JUnitReportReporter -->
<testsuite hostname="akshaya" failures="0" tests="1" name="testng.Datadriven" time="10.106" errors="0" timestamp="2024-03-10T23:51:15 IST" skipped="0">
  <testcase classname="testng.Datadriven" name="sheet" time="10.106"/>
  <system-out/>
</testsuite> <!-- testng.Datadriven -->
