<?xml version="1.0" encoding="UTF-8"?>
<!-- Generated by org.testng.reporters.JUnitReportReporter -->
<testsuite hostname="akshaya" failures="0" tests="2" name="testng.Grouping" time="0.030" errors="0" timestamp="2024-02-22T22:00:45 IST" skipped="0">
  <testcase classname="testng.Grouping" name="test1" time="0.021"/>
  <system-out/>
  <testcase classname="testng.Grouping" name="test2" time="0.009"/>
  <system-out/>
</testsuite> <!-- testng.Grouping -->
