<?xml version="1.0" encoding="UTF-8"?>
<!-- Generated by org.testng.reporters.JUnitReportReporter -->
<testsuite hostname="akshaya" failures="0" tests="5" name="testng.Testngdemo" time="0.024" errors="0" timestamp="2024-02-22T21:41:08 IST" skipped="1">
  <testcase classname="testng.Testngdemo" name="test2" time="0.009"/>
  <system-out/>
  <testcase classname="testng.Testngdemo" name="test1" time="0.003"/>
  <system-out/>
  <testcase classname="testng.Testngdemo" name="test1" time="0.002"/>
  <system-out/>
  <testcase classname="testng.Testngdemo" name="test1" time="0.010"/>
  <system-out/>
  <testcase classname="testng.Testngdemo" name="test3">
    <skipped/>
  </testcase> <!-- test3 -->
  <system-out/>
</testsuite> <!-- testng.Testngdemo -->
