<?xml version="1.0" encoding="UTF-8"?>
<!-- Generated by org.testng.reporters.JUnitReportReporter -->
<testsuite hostname="akshaya" failures="0" tests="1" name="testng.Excerciseregistration" time="21.903" errors="0" timestamp="2024-02-29T17:21:34 IST" skipped="0">
  <testcase classname="testng.Excerciseregistration" name="login" time="21.903"/>
  <system-out/>
</testsuite> <!-- testng.Excerciseregistration -->
