<?xml version="1.0" encoding="UTF-8"?>
<!-- Generated by org.testng.reporters.JUnitReportReporter -->
<testsuite hostname="akshaya" failures="0" tests="2" name="testng.Reddiff" time="1.331" errors="0" timestamp="2024-03-13T19:33:51 IST" skipped="0">
  <testcase classname="testng.Reddiff" name="contentverification" time="0.628"/>
  <system-out/>
  <testcase classname="testng.Reddiff" name="buttonverification" time="0.703"/>
  <system-out/>
</testsuite> <!-- testng.Reddiff -->
