<?xml version="1.0" encoding="UTF-8"?>
<!-- Generated by org.testng.reporters.JUnitReportReporter -->
<testsuite hostname="akshaya" failures="0" tests="1" name="testng.Justdial" time="27.012" errors="0" timestamp="2024-03-05T10:56:06 IST" skipped="0">
  <testcase classname="testng.Justdial" name="test" time="27.012"/>
  <system-out/>
</testsuite> <!-- testng.Justdial -->
