<?xml version="1.0" encoding="UTF-8"?>
<!-- Generated by org.testng.reporters.JUnitReportReporter -->
<testsuite hostname="akshaya" failures="0" tests="1" name="testng.FileuploadRobot" time="5.577" errors="0" timestamp="2024-02-26T19:13:10 IST" skipped="0">
  <testcase classname="testng.FileuploadRobot" name="fileuploadingpgm" time="5.577"/>
  <system-out/>
</testsuite> <!-- testng.FileuploadRobot -->
