<?xml version="1.0" encoding="UTF-8"?>
<!-- Generated by org.testng.reporters.JUnitReportReporter -->
<testsuite hostname="akshaya" failures="0" tests="1" name="testng.Copypaste" time="0.874" errors="0" timestamp="2024-02-21T10:40:36 IST" skipped="0">
  <testcase classname="testng.Copypaste" name="copypastemthod" time="0.874"/>
  <system-out/>
</testsuite> <!-- testng.Copypaste -->
